── Attaching packages ─────────────────────────────────────── tidyverse 1.3.1 ──
✔ ggplot2 3.3.5     ✔ purrr   0.3.4
✔ tibble  3.1.5     ✔ dplyr   1.0.7
✔ tidyr   1.1.4     ✔ stringr 1.4.0
✔ readr   2.0.2     ✔ forcats 0.5.1
── Conflicts ────────────────────────────────────────── tidyverse_conflicts() ──
✖ dplyr::filter() masks stats::filter()
✖ dplyr::lag()    masks stats::lag()

Attaching package: ‘magrittr’

The following object is masked from ‘package:purrr’:

    set_names

The following object is masked from ‘package:tidyr’:

    extract


Attaching package: ‘data.table’

The following objects are masked from ‘package:dplyr’:

    between, first, last

The following object is masked from ‘package:purrr’:

    transpose

Warning message:
Expected 7 pieces. Missing pieces filled with `NA` in 107704 rows [4, 17, 20, 30, 39, 53, 60, 81, 90, 115, 122, 136, 143, 152, 167, 169, 187, 192, 205, 227, ...]. 
Joining, by = c("chunk", "clone")
[1] "2023-02-28 21:40:51 UTC"
[1] "2023-02-28 21:40:51 UTC"
[1] "2023-02-28 21:51:26 UTC"
[1] "2023-02-28 21:40:51 UTC"
[1] "2023-02-28 21:47:48 UTC"
[1] "2023-02-28 21:40:51 UTC"
[1] "2023-02-28 21:50:09 UTC"
[1] "2023-02-28 21:40:51 UTC"
[1] "2023-02-28 21:50:36 UTC"
[1] "2023-02-28 21:40:51 UTC"
[1] "2023-02-28 21:47:34 UTC"
[1] "2023-02-28 21:40:51 UTC"
[1] "2023-02-28 21:47:27 UTC"
[1] "2023-02-28 21:40:51 UTC"
[1] "2023-02-28 21:50:42 UTC"
[1] "2023-02-28 21:40:51 UTC"
[1] "2023-02-28 21:50:12 UTC"
[1] "2023-02-28 21:40:51 UTC"
[1] "2023-02-28 21:50:31 UTC"
[1] "2023-02-28 21:40:51 UTC"
[1] "2023-02-28 21:51:19 UTC"
[1] "2023-02-28 21:40:51 UTC"
[1] "2023-02-28 21:50:37 UTC"
[1] "2023-02-28 21:40:52 UTC"
[1] "2023-02-28 21:49:56 UTC"
[1] "2023-02-28 21:40:52 UTC"
[1] "2023-02-28 21:52:51 UTC"
[1] "2023-02-28 21:40:52 UTC"
[1] "2023-02-28 21:50:51 UTC"
[1] "2023-02-28 21:40:52 UTC"
[1] "2023-02-28 21:50:58 UTC"
[1] "2023-02-28 21:40:52 UTC"
[1] "2023-02-28 21:50:18 UTC"
[1] "2023-02-28 21:40:52 UTC"
[1] "2023-02-28 21:50:32 UTC"
[1] "2023-02-28 21:40:52 UTC"
[1] "2023-02-28 21:50:12 UTC"
[1] "2023-02-28 21:58:39 UTC"
[1] "2023-02-28 21:40:52 UTC"
[1] "2023-02-28 21:51:01 UTC"
[1] "2023-02-28 21:40:52 UTC"
[1] "2023-02-28 21:48:13 UTC"
[1] "2023-02-28 21:40:52 UTC"
[1] "2023-02-28 21:50:32 UTC"
[1] "2023-02-28 21:40:52 UTC"
[1] "2023-02-28 21:51:01 UTC"
[1] "2023-02-28 21:40:52 UTC"
[1] "2023-02-28 21:51:05 UTC"
[1] "2023-02-28 21:40:52 UTC"
[1] "2023-02-28 21:47:09 UTC"
[1] "2023-02-28 21:40:52 UTC"
[1] "2023-02-28 21:47:29 UTC"
[1] "2023-02-28 21:40:52 UTC"
[1] "2023-02-28 21:47:23 UTC"
[1] "2023-02-28 21:40:52 UTC"
[1] "2023-02-28 21:47:47 UTC"
[1] "2023-02-28 21:40:52 UTC"
[1] "2023-02-28 21:47:41 UTC"
[1] "2023-02-28 21:40:52 UTC"
[1] "2023-02-28 21:47:27 UTC"
[1] "2023-02-28 21:40:52 UTC"
[1] "2023-02-28 21:51:02 UTC"
[1] "2023-02-28 21:40:52 UTC"
[1] "2023-02-28 21:50:24 UTC"
[1] "2023-02-28 21:40:52 UTC"
[1] "2023-02-28 21:48:18 UTC"
[1] "2023-02-28 21:40:52 UTC"
[1] "2023-02-28 21:49:51 UTC"
[1] "2023-02-28 21:40:52 UTC"
[1] "2023-02-28 21:50:41 UTC"
[1] "2023-02-28 21:40:53 UTC"
[1] "2023-02-28 21:50:08 UTC"
There were 35 warnings (use warnings() to see them)
